<?xml version="1.0" encoding="UTF-8"?>
<testng-results ignored="0" total="2" passed="1" failed="1" skipped="0">
  <reporter-output>
  </reporter-output>
  <suite started-at="2021-07-28T10:24:36 IST" name="Suite" finished-at="2021-07-28T10:24:42 IST" duration-ms="6294">
    <groups>
    </groups>
    <test started-at="2021-07-28T10:24:36 IST" name="Validate Title" finished-at="2021-07-28T10:24:42 IST" duration-ms="6180">
      <class name="test_Cases.ValidateTitle">
        <test-method is-config="true" signature="intialize()[pri:0, instance:test_Cases.ValidateTitle@23fb172e]" started-at="2021-07-28T10:24:36 IST" name="intialize" finished-at="2021-07-28T10:24:41 IST" duration-ms="5052" status="PASS">
          <reporter-output>
          </reporter-output>
        </test-method> <!-- intialize -->
        <test-method signature="validateAppTitle()[pri:0, instance:test_Cases.ValidateTitle@23fb172e]" started-at="2021-07-28T10:24:41 IST" name="validateAppTitle" finished-at="2021-07-28T10:24:41 IST" duration-ms="585" status="FAIL">
          <exception class="java.lang.AssertionError">
            <message>
              <![CDATA[expected [TEST] but found [SIGN IN]]]>
            </message>
            <full-stacktrace>
              <![CDATA[java.lang.AssertionError: expected [TEST] but found [SIGN IN]
at org.testng.Assert.fail(Assert.java:99)
at org.testng.Assert.failNotEquals(Assert.java:1037)
at org.testng.Assert.assertEqualsImpl(Assert.java:140)
at org.testng.Assert.assertEquals(Assert.java:122)
at org.testng.Assert.assertEquals(Assert.java:629)
at org.testng.Assert.assertEquals(Assert.java:639)
at test_Cases.ValidateTitle.validateAppTitle(ValidateTitle.java:44)
at java.base/jdk.internal.reflect.NativeMethodAccessorImpl.invoke0(Native Method)
at java.base/jdk.internal.reflect.NativeMethodAccessorImpl.invoke(NativeMethodAccessorImpl.java:62)
at java.base/jdk.internal.reflect.DelegatingMethodAccessorImpl.invoke(DelegatingMethodAccessorImpl.java:43)
at java.base/java.lang.reflect.Method.invoke(Method.java:566)
at org.testng.internal.MethodInvocationHelper.invokeMethod(MethodInvocationHelper.java:132)
at org.testng.internal.TestInvoker.invokeMethod(TestInvoker.java:599)
at org.testng.internal.TestInvoker.invokeTestMethod(TestInvoker.java:174)
at org.testng.internal.MethodRunner.runInSequence(MethodRunner.java:46)
at org.testng.internal.TestInvoker$MethodInvocationAgent.invoke(TestInvoker.java:822)
at org.testng.internal.TestInvoker.invokeTestMethods(TestInvoker.java:147)
at org.testng.internal.TestMethodWorker.invokeTestMethods(TestMethodWorker.java:146)
at org.testng.internal.TestMethodWorker.run(TestMethodWorker.java:128)
at java.base/java.util.ArrayList.forEach(ArrayList.java:1541)
at org.testng.TestRunner.privateRun(TestRunner.java:764)
at org.testng.TestRunner.run(TestRunner.java:585)
at org.testng.SuiteRunner.runTest(SuiteRunner.java:384)
at org.testng.SuiteRunner.access$000(SuiteRunner.java:28)
at org.testng.SuiteRunner$SuiteWorker.run(SuiteRunner.java:425)
at org.testng.internal.thread.ThreadUtil.lambda$execute$0(ThreadUtil.java:66)
at java.base/java.util.concurrent.FutureTask.run(FutureTask.java:264)
at java.base/java.util.concurrent.ThreadPoolExecutor.runWorker(ThreadPoolExecutor.java:1128)
at java.base/java.util.concurrent.ThreadPoolExecutor$Worker.run(ThreadPoolExecutor.java:628)
at java.base/java.lang.Thread.run(Thread.java:829)
]]>
            </full-stacktrace>
          </exception> <!-- java.lang.AssertionError -->
          <reporter-output>
          </reporter-output>
        </test-method> <!-- validateAppTitle -->
        <test-method is-config="true" signature="teardown()[pri:0, instance:test_Cases.ValidateTitle@23fb172e]" started-at="2021-07-28T10:24:42 IST" name="teardown" finished-at="2021-07-28T10:24:42 IST" duration-ms="219" status="PASS">
          <reporter-output>
          </reporter-output>
        </test-method> <!-- teardown -->
      </class> <!-- test_Cases.ValidateTitle -->
    </test> <!-- Validate Title -->
    <test started-at="2021-07-28T10:24:36 IST" name="Homepage Test" finished-at="2021-07-28T10:24:42 IST" duration-ms="6294">
      <class name="test_Cases.HomepageTest">
        <test-method is-config="true" signature="intialize()[pri:0, instance:test_Cases.HomepageTest@67c2e933]" started-at="2021-07-28T10:24:36 IST" name="intialize" finished-at="2021-07-28T10:24:41 IST" duration-ms="5181" status="PASS">
          <reporter-output>
          </reporter-output>
        </test-method> <!-- intialize -->
        <test-method signature="homePageNavigation(java.lang.String, java.lang.String)[pri:0, instance:test_Cases.HomepageTest@67c2e933]" started-at="2021-07-28T10:24:41 IST" name="homePageNavigation" data-provider="getData" finished-at="2021-07-28T10:24:42 IST" duration-ms="881" status="PASS">
          <params>
            <param index="0">
              <value>
                <![CDATA[testproduct@mailnesia.com]]>
              </value>
            </param>
            <param index="1">
              <value>
                <![CDATA[12345678]]>
              </value>
            </param>
          </params>
          <reporter-output>
          </reporter-output>
        </test-method> <!-- homePageNavigation -->
        <test-method is-config="true" signature="quitBrowser()[pri:0, instance:test_Cases.HomepageTest@67c2e933]" started-at="2021-07-28T10:24:42 IST" name="quitBrowser" finished-at="2021-07-28T10:24:42 IST" duration-ms="221" status="PASS">
          <reporter-output>
          </reporter-output>
        </test-method> <!-- quitBrowser -->
      </class> <!-- test_Cases.HomepageTest -->
    </test> <!-- Homepage Test -->
  </suite> <!-- Suite -->
</testng-results>
